<?xml version="1.0" encoding="UTF-8"?>
<testng-results total="1" passed="1" failed="0" skipped="0">
  <reporter-output>
  </reporter-output>
  <suite started-at="2024-08-21T15:21:37Z" name="Test Suite for Buildout" finished-at="2024-08-21T15:22:19Z" duration-ms="42054">
    <groups>
    </groups>
    <test started-at="2024-08-21T15:21:37Z" name="Test Cases for Buildout" finished-at="2024-08-21T15:22:19Z" duration-ms="42054">
      <class name="demo.TestCases">
        <test-method is-config="true" signature="startBrowser()[pri:0, instance:demo.TestCases@6dab9b6d]" started-at="2024-08-21T20:51:37Z" name="startBrowser" finished-at="2024-08-21T20:51:41Z" duration-ms="4649" status="PASS">
          <reporter-output>
          </reporter-output>
        </test-method> <!-- startBrowser -->
        <test-method signature="testCase01()[pri:0, instance:demo.TestCases@6dab9b6d]" started-at="2024-08-21T20:51:42Z" name="testCase01" description="Verify functionality of testCase01" finished-at="2024-08-21T20:52:18Z" duration-ms="36933" status="PASS">
          <reporter-output>
          </reporter-output>
        </test-method> <!-- testCase01 -->
        <test-method is-config="true" signature="endTest()[pri:0, instance:demo.TestCases@6dab9b6d]" started-at="2024-08-21T20:52:18Z" name="endTest" finished-at="2024-08-21T20:52:19Z" duration-ms="430" status="PASS">
          <reporter-output>
          </reporter-output>
        </test-method> <!-- endTest -->
      </class> <!-- demo.TestCases -->
    </test> <!-- Test Cases for Buildout -->
  </suite> <!-- Test Suite for Buildout -->
</testng-results>
